<!DOCTYPE html PUBLIC "-//W3C//DTD XHTML 1.1//EN" "http://www.w3.org/TR/xhtml11/DTD/xhtml11.dtd">
<html xmlns="http://www.w3.org/1999/xhtml">
<head>
<meta http-equiv="content-type" content="text/html; charset=UTF-8"/>
<title>TestNG Report</title>
<style type="text/css">table {margin-bottom:10px;border-collapse:collapse;empty-cells:show}th,td {border:1px solid #009;padding:.25em .5em}th {vertical-align:bottom}td {vertical-align:top}table a {font-weight:bold}.stripe td {background-color: #E6EBF9}.num {text-align:right}.passedodd td {background-color: #3F3}.passedeven td {background-color: #0A0}.skippedodd td {background-color: #DDD}.skippedeven td {background-color: #CCC}.failedodd td,.attn {background-color: #F33}.failedeven td,.stripe .attn {background-color: #D00}.stacktrace {white-space:pre;font-family:monospace}.totop {font-size:85%;text-align:center;border-bottom:2px solid #000}.invisible {display:none}</style>
</head>
<body>
<table>
<tr><th>Test</th><th># Passed</th><th># Skipped</th><th># Failed</th><th>Time (ms)</th><th>Included Groups</th><th>Excluded Groups</th></tr>
<tr><th colspan="7">Surefire suite</th></tr>
<tr><td><a href="#t0">Surefire test</a></td><td class="num">3</td><td class="num">0</td><td class="num attn">3</td><td class="num">52,449</td><td></td><td></td></tr>
</table>
<table id='summary'><thead><tr><th>Class</th><th>Method</th><th>Start</th><th>Time (ms)</th></tr></thead><tbody><tr><th colspan="4">Surefire suite</th></tr></tbody><tbody id="t0"><tr><th colspan="4">Surefire test &#8212; failed</th></tr><tr class="failedeven"><td rowspan="1">com.automationpractice.testsuite.OurStoresTest</td><td><a href="#m0">userCanDragTheMapAndTakeScreenshot</a></td><td rowspan="1">1640554005854</td><td rowspan="1">1802</td></tr><tr class="failedodd"><td rowspan="1">com.automationpractice.testsuite.SummerDressesOptionTest</td><td><a href="#m1">viewSummerDressesOptionFromTheNaviGationMenu</a></td><td rowspan="1">1640554008323</td><td rowspan="1">0</td></tr><tr class="failedeven"><td rowspan="1">com.automationpractice.testsuite.SummerDressesPriceRangeTest</td><td><a href="#m2">updateSearchResultsAfterChangingPriceRange</a></td><td rowspan="1">1640554008323</td><td rowspan="1">0</td></tr><tr><th colspan="4">Surefire test &#8212; passed</th></tr><tr class="passedeven"><td rowspan="2">com.automationpractice.testsuite.CreateAccountTest</td><td><a href="#m3">customerCanCreateANewAccountUsingValidDetails</a></td><td rowspan="1">1640553963700</td><td rowspan="1">6768</td></tr><tr class="passedeven"><td><a href="#m4">userWillGetAnErrorMessageWhileCreatingAccountWithInvalidDetails</a></td><td rowspan="1">1640553976971</td><td rowspan="1">4679</td></tr><tr class="passedodd"><td rowspan="1">com.automationpractice.testsuite.DeletionTest</td><td><a href="#m5">userShouldAbleToDeleteAnItemFromBasket</a></td><td rowspan="1">1640553991200</td><td rowspan="1">8441</td></tr></tbody>
</table>
<h2>Surefire test</h2><h3 id="m0">com.automationpractice.testsuite.OurStoresTest#userCanDragTheMapAndTakeScreenshot</h3><table class="result"><tr><th>Messages</th></tr><tr><td><div class="messages">accepting the alert : [[ChromeDriver: chrome on WINDOWS (087a2d2696722db4757dcb5e01d23fed)] -> css selector: .dismissButton]<br></div></td></tr><tr><th>Exception</th></tr><tr><td><div class="stacktrace">org.openqa.selenium.interactions.MoveTargetOutOfBoundsException: move target out of bounds
  (Session info: chrome=96.0.4664.110)
Build info: version: &apos;4.0.0&apos;, revision: &apos;3a21814679&apos;
System info: host: &apos;LAPTOP-ECCE3OFG&apos;, ip: &apos;192.168.1.74&apos;, os.name: &apos;Windows 10&apos;, os.arch: &apos;amd64&apos;, os.version: &apos;10.0&apos;, java.version: &apos;1.8.0_172&apos;
Driver info: org.openqa.selenium.chrome.ChromeDriver
Command: [087a2d2696722db4757dcb5e01d23fed, actions {actions=[org.openqa.selenium.interactions.Sequence@2b8d084]}]
Capabilities {acceptInsecureCerts: false, browserName: chrome, browserVersion: 96.0.4664.110, chrome: {chromedriverVersion: 96.0.4664.45 (76e4c1bb2ab46..., userDataDir: C:\Users\laxmi\AppData\Loca...}, goog:chromeOptions: {debuggerAddress: localhost:62665}, javascriptEnabled: true, networkConnectionEnabled: false, pageLoadStrategy: normal, platform: WINDOWS, platformName: WINDOWS, proxy: Proxy(), se:cdp: ws://localhost:62665/devtoo..., se:cdpVersion: 96.0.4664.110, setWindowRect: true, strictFileInteractability: false, timeouts: {implicit: 0, pageLoad: 300000, script: 30000}, unhandledPromptBehavior: dismiss and notify, webauthn:extension:credBlob: true, webauthn:extension:largeBlob: true, webauthn:virtualAuthenticators: true}
Session ID: 087a2d2696722db4757dcb5e01d23fed
	at org.openqa.selenium.remote.codec.w3c.W3CHttpResponseCodec.createException(W3CHttpResponseCodec.java:200)
	at org.openqa.selenium.remote.codec.w3c.W3CHttpResponseCodec.decode(W3CHttpResponseCodec.java:133)
	at org.openqa.selenium.remote.codec.w3c.W3CHttpResponseCodec.decode(W3CHttpResponseCodec.java:53)
	at org.openqa.selenium.remote.HttpCommandExecutor.execute(HttpCommandExecutor.java:184)
	at org.openqa.selenium.remote.service.DriverCommandExecutor.invokeExecute(DriverCommandExecutor.java:164)
	at org.openqa.selenium.remote.service.DriverCommandExecutor.execute(DriverCommandExecutor.java:139)
	at org.openqa.selenium.remote.RemoteWebDriver.execute(RemoteWebDriver.java:559)
	at org.openqa.selenium.remote.RemoteWebDriver.perform(RemoteWebDriver.java:627)
	at org.openqa.selenium.interactions.Actions$BuiltAction.perform(Actions.java:617)
	at com.automationpractice.pages.OurStoresPage.scrollMapToSeeWestPalmBeach(OurStoresPage.java:36)
	at com.automationpractice.testsuite.OurStoresTest.userCanDragTheMapAndTakeScreenshot(OurStoresTest.java:25)
... Removed 34 stack frames</div></td></tr></table><p class="totop"><a href="#summary">back to summary</a></p>
<h3 id="m1">com.automationpractice.testsuite.SummerDressesOptionTest#viewSummerDressesOptionFromTheNaviGationMenu</h3><table class="result"><tr><th>Exception</th></tr><tr><td><div class="stacktrace">org.openqa.selenium.NoSuchSessionException: Session ID is null. Using WebDriver after calling quit()?
Build info: version: &apos;4.0.0&apos;, revision: &apos;3a21814679&apos;
System info: host: &apos;LAPTOP-ECCE3OFG&apos;, ip: &apos;192.168.1.74&apos;, os.name: &apos;Windows 10&apos;, os.arch: &apos;amd64&apos;, os.version: &apos;10.0&apos;, java.version: &apos;1.8.0_172&apos;
Driver info: org.openqa.selenium.chrome.ChromeDriver
Command: [null, findElements {using=xpath, value=//ul[@class=&apos;sf-menu clearfix menu-content sf-js-enabled sf-arrows&apos;]//li//a}]
Capabilities {acceptInsecureCerts: false, browserName: chrome, browserVersion: 96.0.4664.110, chrome: {chromedriverVersion: 96.0.4664.45 (76e4c1bb2ab46..., userDataDir: C:\Users\laxmi\AppData\Loca...}, goog:chromeOptions: {debuggerAddress: localhost:62665}, javascriptEnabled: true, networkConnectionEnabled: false, pageLoadStrategy: normal, platform: WINDOWS, platformName: WINDOWS, proxy: Proxy(), se:cdp: ws://localhost:62665/devtoo..., se:cdpVersion: 96.0.4664.110, setWindowRect: true, strictFileInteractability: false, timeouts: {implicit: 0, pageLoad: 300000, script: 30000}, unhandledPromptBehavior: dismiss and notify, webauthn:extension:credBlob: true, webauthn:extension:largeBlob: true, webauthn:virtualAuthenticators: true}
	at org.openqa.selenium.remote.HttpCommandExecutor.execute(HttpCommandExecutor.java:145)
	at org.openqa.selenium.remote.service.DriverCommandExecutor.invokeExecute(DriverCommandExecutor.java:164)
	at org.openqa.selenium.remote.service.DriverCommandExecutor.execute(DriverCommandExecutor.java:139)
	at org.openqa.selenium.remote.RemoteWebDriver.execute(RemoteWebDriver.java:559)
	at org.openqa.selenium.remote.ElementLocation$ElementFinder$2.findElements(ElementLocation.java:179)
	at org.openqa.selenium.remote.ElementLocation.findElements(ElementLocation.java:102)
	at org.openqa.selenium.remote.RemoteWebDriver.findElements(RemoteWebDriver.java:398)
	at org.openqa.selenium.remote.RemoteWebDriver.findElements(RemoteWebDriver.java:390)
	at org.openqa.selenium.support.pagefactory.DefaultElementLocator.findElements(DefaultElementLocator.java:87)
	at org.openqa.selenium.support.pagefactory.internal.LocatingElementListHandler.invoke(LocatingElementListHandler.java:37)
	at com.sun.proxy.$Proxy14.iterator(Unknown Source)
	at com.automationpractice.pages.HomePage.selectItemFromMainMenu(HomePage.java:29)
	at com.automationpractice.testsuite.SummerDressesOptionTest.viewSummerDressesOptionFromTheNaviGationMenu(SummerDressesOptionTest.java:20)
... Removed 30 stack frames</div></td></tr></table><p class="totop"><a href="#summary">back to summary</a></p>
<h3 id="m2">com.automationpractice.testsuite.SummerDressesPriceRangeTest#updateSearchResultsAfterChangingPriceRange</h3><table class="result"><tr><th>Exception</th></tr><tr><td><div class="stacktrace">org.openqa.selenium.NoSuchSessionException: Session ID is null. Using WebDriver after calling quit()?
Build info: version: &apos;4.0.0&apos;, revision: &apos;3a21814679&apos;
System info: host: &apos;LAPTOP-ECCE3OFG&apos;, ip: &apos;192.168.1.74&apos;, os.name: &apos;Windows 10&apos;, os.arch: &apos;amd64&apos;, os.version: &apos;10.0&apos;, java.version: &apos;1.8.0_172&apos;
Driver info: org.openqa.selenium.chrome.ChromeDriver
Command: [null, findElements {using=xpath, value=//ul[@class=&apos;sf-menu clearfix menu-content sf-js-enabled sf-arrows&apos;]//li//a}]
Capabilities {acceptInsecureCerts: false, browserName: chrome, browserVersion: 96.0.4664.110, chrome: {chromedriverVersion: 96.0.4664.45 (76e4c1bb2ab46..., userDataDir: C:\Users\laxmi\AppData\Loca...}, goog:chromeOptions: {debuggerAddress: localhost:62665}, javascriptEnabled: true, networkConnectionEnabled: false, pageLoadStrategy: normal, platform: WINDOWS, platformName: WINDOWS, proxy: Proxy(), se:cdp: ws://localhost:62665/devtoo..., se:cdpVersion: 96.0.4664.110, setWindowRect: true, strictFileInteractability: false, timeouts: {implicit: 0, pageLoad: 300000, script: 30000}, unhandledPromptBehavior: dismiss and notify, webauthn:extension:credBlob: true, webauthn:extension:largeBlob: true, webauthn:virtualAuthenticators: true}
	at org.openqa.selenium.remote.HttpCommandExecutor.execute(HttpCommandExecutor.java:145)
	at org.openqa.selenium.remote.service.DriverCommandExecutor.invokeExecute(DriverCommandExecutor.java:164)
	at org.openqa.selenium.remote.service.DriverCommandExecutor.execute(DriverCommandExecutor.java:139)
	at org.openqa.selenium.remote.RemoteWebDriver.execute(RemoteWebDriver.java:559)
	at org.openqa.selenium.remote.ElementLocation$ElementFinder$2.findElements(ElementLocation.java:179)
	at org.openqa.selenium.remote.ElementLocation.findElements(ElementLocation.java:102)
	at org.openqa.selenium.remote.RemoteWebDriver.findElements(RemoteWebDriver.java:398)
	at org.openqa.selenium.remote.RemoteWebDriver.findElements(RemoteWebDriver.java:390)
	at org.openqa.selenium.support.pagefactory.DefaultElementLocator.findElements(DefaultElementLocator.java:87)
	at org.openqa.selenium.support.pagefactory.internal.LocatingElementListHandler.invoke(LocatingElementListHandler.java:37)
	at com.sun.proxy.$Proxy14.iterator(Unknown Source)
	at com.automationpractice.pages.HomePage.selectItemFromMainMenu(HomePage.java:29)
	at com.automationpractice.testsuite.SummerDressesPriceRangeTest.updateSearchResultsAfterChangingPriceRange(SummerDressesPriceRangeTest.java:22)
... Removed 30 stack frames</div></td></tr></table><p class="totop"><a href="#summary">back to summary</a></p>
<h3 id="m3">com.automationpractice.testsuite.CreateAccountTest#customerCanCreateANewAccountUsingValidDetails</h3><table class="result"><tr class="param"><th>Parameter #1</th><th>Parameter #2</th><th>Parameter #3</th><th>Parameter #4</th><th>Parameter #5</th><th>Parameter #6</th><th>Parameter #7</th><th>Parameter #8</th><th>Parameter #9</th><th>Parameter #10</th></tr><tr class="param stripe"><td>James</td><td>Bond</td><td>abc12456</td><td>123 Abc Street</td><td>London</td><td>Florida</td><td>12345</td><td>01234567890</td><td>MY ACCOUNT</td><td>James Bond</td></tr><tr><th colspan="10">Messages</th></tr><tr><td colspan="10"><div class="messages">Click on the create an account tab : [[ChromeDriver: chrome on WINDOWS (8269d46fa3497b8d7ed067072a5e5d24)] -> xpath: //span[normalize-space()='Create an account']]<br><br/>Entering firstname[[ChromeDriver: chrome on WINDOWS (8269d46fa3497b8d7ed067072a5e5d24)] -> xpath: //input[@id='customer_firstname']]<br><br/>Entering lastname[[ChromeDriver: chrome on WINDOWS (8269d46fa3497b8d7ed067072a5e5d24)] -> xpath: //input[@id='customer_lastname']]<br><br/>Entering password[[ChromeDriver: chrome on WINDOWS (8269d46fa3497b8d7ed067072a5e5d24)] -> xpath: //input[@id='passwd']]<br><br/>Entering address[[ChromeDriver: chrome on WINDOWS (8269d46fa3497b8d7ed067072a5e5d24)] -> xpath: //input[@id='address1']]<br><br/>Entering city[[ChromeDriver: chrome on WINDOWS (8269d46fa3497b8d7ed067072a5e5d24)] -> xpath: //input[@id='city']]<br><br/>Selecting the state[[ChromeDriver: chrome on WINDOWS (8269d46fa3497b8d7ed067072a5e5d24)] -> xpath: //select[@id='id_state']]<br><br/>Entering postalcode[[ChromeDriver: chrome on WINDOWS (8269d46fa3497b8d7ed067072a5e5d24)] -> xpath: //input[@id='postcode']]<br><br/>Entering contact number[[ChromeDriver: chrome on WINDOWS (8269d46fa3497b8d7ed067072a5e5d24)] -> xpath: //input[@id='phone_mobile']]<br><br/>Clicking on register link[[ChromeDriver: chrome on WINDOWS (8269d46fa3497b8d7ed067072a5e5d24)] -> xpath: //button[@id='submitAccount']]<br><br/>Verifying the message[[ChromeDriver: chrome on WINDOWS (8269d46fa3497b8d7ed067072a5e5d24)] -> xpath: //h1[contains(text(),'My account')]]<br></div></td></tr></table><p class="totop"><a href="#summary">back to summary</a></p>
<h3 id="m4">com.automationpractice.testsuite.CreateAccountTest#userWillGetAnErrorMessageWhileCreatingAccountWithInvalidDetails</h3><table class="result"><tr class="param"><th>Parameter #1</th><th>Parameter #2</th><th>Parameter #3</th><th>Parameter #4</th><th>Parameter #5</th><th>Parameter #6</th><th>Parameter #7</th><th>Parameter #8</th><th>Parameter #9</th></tr><tr class="param stripe"><td>$%1234</td><td>DD12**</td><td>abc$%12456</td><td>123 Abc Str%%t</td><td>Lo$%^on</td><td>Florida</td><td>123ssa45</td><td>0123abcd67890</td><td>There are 6 errors</td></tr><tr><th colspan="9">Messages</th></tr><tr><td colspan="9"><div class="messages">Click on the create an account tab : [[ChromeDriver: chrome on WINDOWS (4215cf2b4b7efcb59344302cb94d0acc)] -> xpath: //span[normalize-space()='Create an account']]<br><br/>Entering firstname[[ChromeDriver: chrome on WINDOWS (4215cf2b4b7efcb59344302cb94d0acc)] -> xpath: //input[@id='customer_firstname']]<br><br/>Entering lastname[[ChromeDriver: chrome on WINDOWS (4215cf2b4b7efcb59344302cb94d0acc)] -> xpath: //input[@id='customer_lastname']]<br><br/>Entering password[[ChromeDriver: chrome on WINDOWS (4215cf2b4b7efcb59344302cb94d0acc)] -> xpath: //input[@id='passwd']]<br><br/>Entering address[[ChromeDriver: chrome on WINDOWS (4215cf2b4b7efcb59344302cb94d0acc)] -> xpath: //input[@id='address1']]<br><br/>Entering city[[ChromeDriver: chrome on WINDOWS (4215cf2b4b7efcb59344302cb94d0acc)] -> xpath: //input[@id='city']]<br><br/>Selecting the state[[ChromeDriver: chrome on WINDOWS (4215cf2b4b7efcb59344302cb94d0acc)] -> xpath: //select[@id='id_state']]<br><br/>Entering postalcode[[ChromeDriver: chrome on WINDOWS (4215cf2b4b7efcb59344302cb94d0acc)] -> xpath: //input[@id='postcode']]<br><br/>Entering contact number[[ChromeDriver: chrome on WINDOWS (4215cf2b4b7efcb59344302cb94d0acc)] -> xpath: //input[@id='phone_mobile']]<br><br/>Clicking on register link[[ChromeDriver: chrome on WINDOWS (4215cf2b4b7efcb59344302cb94d0acc)] -> xpath: //button[@id='submitAccount']]<br><br/>verifying error message : [[ChromeDriver: chrome on WINDOWS (4215cf2b4b7efcb59344302cb94d0acc)] -> css selector: div[class='alert alert-danger'] p]<br></div></td></tr></table><p class="totop"><a href="#summary">back to summary</a></p>
<h3 id="m5">com.automationpractice.testsuite.DeletionTest#userShouldAbleToDeleteAnItemFromBasket</h3><table class="result"><tr class="param"><th>Parameter #1</th><th>Parameter #2</th><th>Parameter #3</th></tr><tr class="param stripe"><td>Women</td><td>Summer Dresses</td><td>Your shopping cart is empty.</td></tr><tr><th colspan="3">Messages</th></tr><tr><td colspan="3"><div class="messages">closing shopping cart window : [[ChromeDriver: chrome on WINDOWS (3f7bdf883246d4eca0c9c7fea8833553)] -> xpath: //span[@title='Close window']]<br></div></td></tr></table><p class="totop"><a href="#summary">back to summary</a></p>
</body>
</html>
