<!DOCTYPE html>

<html>
  <head>
  <meta charset='utf-8'>
  <title>TestNG reports</title>

    <link type="text/css" href="testng-reports.css" rel="stylesheet" />
    <script type="text/javascript" src="jquery-1.7.1.min.js"></script>
    <script type="text/javascript" src="testng-reports.js"></script>
    <script type="text/javascript" src="https://www.google.com/jsapi"></script>
    <script type='text/javascript'>
      google.load('visualization', '1', {packages:['table']});
      google.setOnLoadCallback(drawTable);
      var suiteTableInitFunctions = new Array();
      var suiteTableData = new Array();
    </script>
    <!--
      <script type="text/javascript" src="jquery-ui/js/jquery-ui-1.8.16.custom.min.js"></script>
     -->
  </head>

  <body>
    <div class="top-banner-root">
      <span class="top-banner-title-font">Test results</span>
      <br/>
      <span class="top-banner-font-1">1 suite, 3 failed tests</span>
    </div> <!-- top-banner-root -->
    <div class="navigator-root">
      <div class="navigator-suite-header">
        <span>All suites</span>
        <a href="#" class="collapse-all-link" title="Collapse/expand all the suites">
          <img class="collapse-all-icon" src="collapseall.gif">
          </img> <!-- collapse-all-icon -->
        </a> <!-- collapse-all-link -->
      </div> <!-- navigator-suite-header -->
      <div class="suite">
        <div class="rounded-window">
          <div class="suite-header light-rounded-window-top">
            <a href="#" class="navigator-link" panel-name="suite-Surefire_suite">
              <span class="suite-name border-failed">Surefire suite</span>
            </a> <!-- navigator-link -->
          </div> <!-- suite-header light-rounded-window-top -->
          <div class="navigator-suite-content">
            <div class="suite-section-title">
              <span>Info</span>
            </div> <!-- suite-section-title -->
            <div class="suite-section-content">
              <ul>
                <li>
                  <a href="#" class="navigator-link " panel-name="test-xml-Surefire_suite">
                    <span>[unset file name]</span>
                  </a> <!-- navigator-link  -->
                </li>
                <li>
                  <a href="#" class="navigator-link " panel-name="testlist-Surefire_suite">
                    <span class="test-stats">1 test</span>
                  </a> <!-- navigator-link  -->
                </li>
                <li>
                  <a href="#" class="navigator-link " panel-name="group-Surefire_suite">
                    <span>3 groups</span>
                  </a> <!-- navigator-link  -->
                </li>
                <li>
                  <a href="#" class="navigator-link " panel-name="times-Surefire_suite">
                    <span>Times</span>
                  </a> <!-- navigator-link  -->
                </li>
                <li>
                  <a href="#" class="navigator-link " panel-name="reporter-Surefire_suite">
                    <span>Reporter output</span>
                  </a> <!-- navigator-link  -->
                </li>
                <li>
                  <a href="#" class="navigator-link " panel-name="ignored-methods-Surefire_suite">
                    <span>Ignored methods</span>
                  </a> <!-- navigator-link  -->
                </li>
                <li>
                  <a href="#" class="navigator-link " panel-name="chronological-Surefire_suite">
                    <span>Chronological view</span>
                  </a> <!-- navigator-link  -->
                </li>
              </ul>
            </div> <!-- suite-section-content -->
            <div class="result-section">
              <div class="suite-section-title">
                <span>Results</span>
              </div> <!-- suite-section-title -->
              <div class="suite-section-content">
                <ul>
                  <li>
                    <span class="method-stats">6 methods, 3 failed,   3 passed</span>
                  </li>
                  <li>
                    <span class="method-list-title failed">Failed methods</span>
                    <span class="show-or-hide-methods failed">
                      <a href="#" panel-name="suite-Surefire_suite" class="hide-methods failed suite-Surefire_suite"> (hide)</a> <!-- hide-methods failed suite-Surefire_suite -->
                      <a href="#" panel-name="suite-Surefire_suite" class="show-methods failed suite-Surefire_suite"> (show)</a> <!-- show-methods failed suite-Surefire_suite -->
                    </span>
                    <div class="method-list-content failed suite-Surefire_suite">
                      <span>
                        <img width="3%" src="failed.png"/>
                        <a href="#" class="method navigator-link" panel-name="suite-Surefire_suite" title="com.automationpractice.testsuite.SummerDressesPriceRangeTest" hash-for-method="updateSearchResultsAfterChangingPriceRange">updateSearchResultsAfterChangingPriceRange</a> <!-- method navigator-link -->
                      </span>
                      <br/>
                      <span>
                        <img width="3%" src="failed.png"/>
                        <a href="#" class="method navigator-link" panel-name="suite-Surefire_suite" title="com.automationpractice.testsuite.OurStoresTest" hash-for-method="userCanDragTheMapAndTakeScreenshot">userCanDragTheMapAndTakeScreenshot</a> <!-- method navigator-link -->
                      </span>
                      <br/>
                      <span>
                        <img width="3%" src="failed.png"/>
                        <a href="#" class="method navigator-link" panel-name="suite-Surefire_suite" title="com.automationpractice.testsuite.SummerDressesOptionTest" hash-for-method="viewSummerDressesOptionFromTheNaviGationMenu">viewSummerDressesOptionFromTheNaviGationMenu</a> <!-- method navigator-link -->
                      </span>
                      <br/>
                    </div> <!-- method-list-content failed suite-Surefire_suite -->
                  </li>
                  <li>
                    <span class="method-list-title passed">Passed methods</span>
                    <span class="show-or-hide-methods passed">
                      <a href="#" panel-name="suite-Surefire_suite" class="hide-methods passed suite-Surefire_suite"> (hide)</a> <!-- hide-methods passed suite-Surefire_suite -->
                      <a href="#" panel-name="suite-Surefire_suite" class="show-methods passed suite-Surefire_suite"> (show)</a> <!-- show-methods passed suite-Surefire_suite -->
                    </span>
                    <div class="method-list-content passed suite-Surefire_suite">
                      <span>
                        <img width="3%" src="passed.png"/>
                        <a href="#" class="method navigator-link" panel-name="suite-Surefire_suite" title="com.automationpractice.testsuite.CreateAccountTest" hash-for-method="customerCanCreateANewAccountUsingValidDetails(James, Bond, abc12456, 123 Abc Street, London, Florida, 12345, 01234567890, MY ACCOUNT, James Bond)">customerCanCreateANewAccountUsingValidDetails(James, Bond, abc12456, 123 Abc Street, London, Florida, 12345, 01234567890, MY ACCOUNT, James Bond)</a> <!-- method navigator-link -->
                      </span>
                      <br/>
                      <span>
                        <img width="3%" src="passed.png"/>
                        <a href="#" class="method navigator-link" panel-name="suite-Surefire_suite" title="com.automationpractice.testsuite.DeletionTest" hash-for-method="userShouldAbleToDeleteAnItemFromBasket(Women, Summer Dresses, Your shopping cart is empty.)">userShouldAbleToDeleteAnItemFromBasket(Women, Summer Dresses, Your shopping cart is empty.)</a> <!-- method navigator-link -->
                      </span>
                      <br/>
                      <span>
                        <img width="3%" src="passed.png"/>
                        <a href="#" class="method navigator-link" panel-name="suite-Surefire_suite" title="com.automationpractice.testsuite.CreateAccountTest" hash-for-method="userWillGetAnErrorMessageWhileCreatingAccountWithInvalidDetails($%1234, DD12**, abc$%12456, 123 Abc Str%%t, Lo$%^on, Florida, 123ssa45, 0123abcd67890, There are 6 e...)">userWillGetAnErrorMessageWhileCreatingAccountWithInvalidDetails($%1234, DD12**, abc$%12456, 123 Abc Str%%t, Lo$%^on, Florida, 123ssa45, 0123abcd67890, There are 6 e...)</a> <!-- method navigator-link -->
                      </span>
                      <br/>
                    </div> <!-- method-list-content passed suite-Surefire_suite -->
                  </li>
                </ul>
              </div> <!-- suite-section-content -->
            </div> <!-- result-section -->
          </div> <!-- navigator-suite-content -->
        </div> <!-- rounded-window -->
      </div> <!-- suite -->
    </div> <!-- navigator-root -->
    <div class="wrapper">
      <div class="main-panel-root">
        <div panel-name="suite-Surefire_suite" class="panel Surefire_suite">
          <div class="suite-Surefire_suite-class-failed">
            <div class="main-panel-header rounded-window-top">
              <img src="failed.png"/>
              <span class="class-name">com.automationpractice.testsuite.OurStoresTest</span>
            </div> <!-- main-panel-header rounded-window-top -->
            <div class="main-panel-content rounded-window-bottom">
              <div class="method">
                <div class="method-content">
                  <a name="userCanDragTheMapAndTakeScreenshot">
                  </a> <!-- userCanDragTheMapAndTakeScreenshot -->
                  <span class="method-name">userCanDragTheMapAndTakeScreenshot</span>
                  <div class="stack-trace">org.openqa.selenium.interactions.MoveTargetOutOfBoundsException: move target out of bounds
  (Session info: chrome=96.0.4664.110)
Build info: version: &apos;4.0.0&apos;, revision: &apos;3a21814679&apos;
System info: host: &apos;LAPTOP-ECCE3OFG&apos;, ip: &apos;192.168.1.74&apos;, os.name: &apos;Windows 10&apos;, os.arch: &apos;amd64&apos;, os.version: &apos;10.0&apos;, java.version: &apos;1.8.0_172&apos;
Driver info: org.openqa.selenium.chrome.ChromeDriver
Command: [087a2d2696722db4757dcb5e01d23fed, actions {actions=[org.openqa.selenium.interactions.Sequence@2b8d084]}]
Capabilities {acceptInsecureCerts: false, browserName: chrome, browserVersion: 96.0.4664.110, chrome: {chromedriverVersion: 96.0.4664.45 (76e4c1bb2ab46..., userDataDir: C:\Users\laxmi\AppData\Loca...}, goog:chromeOptions: {debuggerAddress: localhost:62665}, javascriptEnabled: true, networkConnectionEnabled: false, pageLoadStrategy: normal, platform: WINDOWS, platformName: WINDOWS, proxy: Proxy(), se:cdp: ws://localhost:62665/devtoo..., se:cdpVersion: 96.0.4664.110, setWindowRect: true, strictFileInteractability: false, timeouts: {implicit: 0, pageLoad: 300000, script: 30000}, unhandledPromptBehavior: dismiss and notify, webauthn:extension:credBlob: true, webauthn:extension:largeBlob: true, webauthn:virtualAuthenticators: true}
Session ID: 087a2d2696722db4757dcb5e01d23fed
	at org.openqa.selenium.remote.codec.w3c.W3CHttpResponseCodec.createException(W3CHttpResponseCodec.java:200)
	at org.openqa.selenium.remote.codec.w3c.W3CHttpResponseCodec.decode(W3CHttpResponseCodec.java:133)
	at org.openqa.selenium.remote.codec.w3c.W3CHttpResponseCodec.decode(W3CHttpResponseCodec.java:53)
	at org.openqa.selenium.remote.HttpCommandExecutor.execute(HttpCommandExecutor.java:184)
	at org.openqa.selenium.remote.service.DriverCommandExecutor.invokeExecute(DriverCommandExecutor.java:164)
	at org.openqa.selenium.remote.service.DriverCommandExecutor.execute(DriverCommandExecutor.java:139)
	at org.openqa.selenium.remote.RemoteWebDriver.execute(RemoteWebDriver.java:559)
	at org.openqa.selenium.remote.RemoteWebDriver.perform(RemoteWebDriver.java:627)
	at org.openqa.selenium.interactions.Actions$BuiltAction.perform(Actions.java:617)
	at com.automationpractice.pages.OurStoresPage.scrollMapToSeeWestPalmBeach(OurStoresPage.java:36)
	at com.automationpractice.testsuite.OurStoresTest.userCanDragTheMapAndTakeScreenshot(OurStoresTest.java:25)
... Removed 34 stack frames
</div> <!-- stack-trace -->
                </div> <!-- method-content -->
              </div> <!-- method -->
            </div> <!-- main-panel-content rounded-window-bottom -->
          </div> <!-- suite-Surefire_suite-class-failed -->
          <div class="suite-Surefire_suite-class-failed">
            <div class="main-panel-header rounded-window-top">
              <img src="failed.png"/>
              <span class="class-name">com.automationpractice.testsuite.SummerDressesPriceRangeTest</span>
            </div> <!-- main-panel-header rounded-window-top -->
            <div class="main-panel-content rounded-window-bottom">
              <div class="method">
                <div class="method-content">
                  <a name="updateSearchResultsAfterChangingPriceRange">
                  </a> <!-- updateSearchResultsAfterChangingPriceRange -->
                  <span class="method-name">updateSearchResultsAfterChangingPriceRange</span>
                  <div class="stack-trace">org.openqa.selenium.NoSuchSessionException: Session ID is null. Using WebDriver after calling quit()?
Build info: version: &apos;4.0.0&apos;, revision: &apos;3a21814679&apos;
System info: host: &apos;LAPTOP-ECCE3OFG&apos;, ip: &apos;192.168.1.74&apos;, os.name: &apos;Windows 10&apos;, os.arch: &apos;amd64&apos;, os.version: &apos;10.0&apos;, java.version: &apos;1.8.0_172&apos;
Driver info: org.openqa.selenium.chrome.ChromeDriver
Command: [null, findElements {using=xpath, value=//ul[@class=&apos;sf-menu clearfix menu-content sf-js-enabled sf-arrows&apos;]//li//a}]
Capabilities {acceptInsecureCerts: false, browserName: chrome, browserVersion: 96.0.4664.110, chrome: {chromedriverVersion: 96.0.4664.45 (76e4c1bb2ab46..., userDataDir: C:\Users\laxmi\AppData\Loca...}, goog:chromeOptions: {debuggerAddress: localhost:62665}, javascriptEnabled: true, networkConnectionEnabled: false, pageLoadStrategy: normal, platform: WINDOWS, platformName: WINDOWS, proxy: Proxy(), se:cdp: ws://localhost:62665/devtoo..., se:cdpVersion: 96.0.4664.110, setWindowRect: true, strictFileInteractability: false, timeouts: {implicit: 0, pageLoad: 300000, script: 30000}, unhandledPromptBehavior: dismiss and notify, webauthn:extension:credBlob: true, webauthn:extension:largeBlob: true, webauthn:virtualAuthenticators: true}
	at org.openqa.selenium.remote.HttpCommandExecutor.execute(HttpCommandExecutor.java:145)
	at org.openqa.selenium.remote.service.DriverCommandExecutor.invokeExecute(DriverCommandExecutor.java:164)
	at org.openqa.selenium.remote.service.DriverCommandExecutor.execute(DriverCommandExecutor.java:139)
	at org.openqa.selenium.remote.RemoteWebDriver.execute(RemoteWebDriver.java:559)
	at org.openqa.selenium.remote.ElementLocation$ElementFinder$2.findElements(ElementLocation.java:179)
	at org.openqa.selenium.remote.ElementLocation.findElements(ElementLocation.java:102)
	at org.openqa.selenium.remote.RemoteWebDriver.findElements(RemoteWebDriver.java:398)
	at org.openqa.selenium.remote.RemoteWebDriver.findElements(RemoteWebDriver.java:390)
	at org.openqa.selenium.support.pagefactory.DefaultElementLocator.findElements(DefaultElementLocator.java:87)
	at org.openqa.selenium.support.pagefactory.internal.LocatingElementListHandler.invoke(LocatingElementListHandler.java:37)
	at com.sun.proxy.$Proxy14.iterator(Unknown Source)
	at com.automationpractice.pages.HomePage.selectItemFromMainMenu(HomePage.java:29)
	at com.automationpractice.testsuite.SummerDressesPriceRangeTest.updateSearchResultsAfterChangingPriceRange(SummerDressesPriceRangeTest.java:22)
... Removed 30 stack frames
</div> <!-- stack-trace -->
                </div> <!-- method-content -->
              </div> <!-- method -->
            </div> <!-- main-panel-content rounded-window-bottom -->
          </div> <!-- suite-Surefire_suite-class-failed -->
          <div class="suite-Surefire_suite-class-failed">
            <div class="main-panel-header rounded-window-top">
              <img src="failed.png"/>
              <span class="class-name">com.automationpractice.testsuite.SummerDressesOptionTest</span>
            </div> <!-- main-panel-header rounded-window-top -->
            <div class="main-panel-content rounded-window-bottom">
              <div class="method">
                <div class="method-content">
                  <a name="viewSummerDressesOptionFromTheNaviGationMenu">
                  </a> <!-- viewSummerDressesOptionFromTheNaviGationMenu -->
                  <span class="method-name">viewSummerDressesOptionFromTheNaviGationMenu</span>
                  <div class="stack-trace">org.openqa.selenium.NoSuchSessionException: Session ID is null. Using WebDriver after calling quit()?
Build info: version: &apos;4.0.0&apos;, revision: &apos;3a21814679&apos;
System info: host: &apos;LAPTOP-ECCE3OFG&apos;, ip: &apos;192.168.1.74&apos;, os.name: &apos;Windows 10&apos;, os.arch: &apos;amd64&apos;, os.version: &apos;10.0&apos;, java.version: &apos;1.8.0_172&apos;
Driver info: org.openqa.selenium.chrome.ChromeDriver
Command: [null, findElements {using=xpath, value=//ul[@class=&apos;sf-menu clearfix menu-content sf-js-enabled sf-arrows&apos;]//li//a}]
Capabilities {acceptInsecureCerts: false, browserName: chrome, browserVersion: 96.0.4664.110, chrome: {chromedriverVersion: 96.0.4664.45 (76e4c1bb2ab46..., userDataDir: C:\Users\laxmi\AppData\Loca...}, goog:chromeOptions: {debuggerAddress: localhost:62665}, javascriptEnabled: true, networkConnectionEnabled: false, pageLoadStrategy: normal, platform: WINDOWS, platformName: WINDOWS, proxy: Proxy(), se:cdp: ws://localhost:62665/devtoo..., se:cdpVersion: 96.0.4664.110, setWindowRect: true, strictFileInteractability: false, timeouts: {implicit: 0, pageLoad: 300000, script: 30000}, unhandledPromptBehavior: dismiss and notify, webauthn:extension:credBlob: true, webauthn:extension:largeBlob: true, webauthn:virtualAuthenticators: true}
	at org.openqa.selenium.remote.HttpCommandExecutor.execute(HttpCommandExecutor.java:145)
	at org.openqa.selenium.remote.service.DriverCommandExecutor.invokeExecute(DriverCommandExecutor.java:164)
	at org.openqa.selenium.remote.service.DriverCommandExecutor.execute(DriverCommandExecutor.java:139)
	at org.openqa.selenium.remote.RemoteWebDriver.execute(RemoteWebDriver.java:559)
	at org.openqa.selenium.remote.ElementLocation$ElementFinder$2.findElements(ElementLocation.java:179)
	at org.openqa.selenium.remote.ElementLocation.findElements(ElementLocation.java:102)
	at org.openqa.selenium.remote.RemoteWebDriver.findElements(RemoteWebDriver.java:398)
	at org.openqa.selenium.remote.RemoteWebDriver.findElements(RemoteWebDriver.java:390)
	at org.openqa.selenium.support.pagefactory.DefaultElementLocator.findElements(DefaultElementLocator.java:87)
	at org.openqa.selenium.support.pagefactory.internal.LocatingElementListHandler.invoke(LocatingElementListHandler.java:37)
	at com.sun.proxy.$Proxy14.iterator(Unknown Source)
	at com.automationpractice.pages.HomePage.selectItemFromMainMenu(HomePage.java:29)
	at com.automationpractice.testsuite.SummerDressesOptionTest.viewSummerDressesOptionFromTheNaviGationMenu(SummerDressesOptionTest.java:20)
... Removed 30 stack frames
</div> <!-- stack-trace -->
                </div> <!-- method-content -->
              </div> <!-- method -->
            </div> <!-- main-panel-content rounded-window-bottom -->
          </div> <!-- suite-Surefire_suite-class-failed -->
          <div class="suite-Surefire_suite-class-passed">
            <div class="main-panel-header rounded-window-top">
              <img src="passed.png"/>
              <span class="class-name">com.automationpractice.testsuite.CreateAccountTest</span>
            </div> <!-- main-panel-header rounded-window-top -->
            <div class="main-panel-content rounded-window-bottom">
              <div class="method">
                <div class="method-content">
                  <a name="customerCanCreateANewAccountUsingValidDetails(James, Bond, abc12456, 123 Abc Street, London, Florida, 12345, 01234567890, MY ACCOUNT, James Bond)">
                  </a> <!-- customerCanCreateANewAccountUsingValidDetails(James, Bond, abc12456, 123 Abc Street, London, Florida, 12345, 01234567890, MY ACCOUNT, James Bond) -->
                  <span class="method-name">customerCanCreateANewAccountUsingValidDetails</span>
                  <span class="parameters">(James, Bond, abc12456, 123 Abc Street, London, Florida, 12345, 01234567890, MY ACCOUNT, James Bond)</span>
                </div> <!-- method-content -->
              </div> <!-- method -->
              <div class="method">
                <div class="method-content">
                  <a name="userWillGetAnErrorMessageWhileCreatingAccountWithInvalidDetails($%1234, DD12**, abc$%12456, 123 Abc Str%%t, Lo$%^on, Florida, 123ssa45, 0123abcd67890, There are 6 e...)">
                  </a> <!-- userWillGetAnErrorMessageWhileCreatingAccountWithInvalidDetails($%1234, DD12**, abc$%12456, 123 Abc Str%%t, Lo$%^on, Florida, 123ssa45, 0123abcd67890, There are 6 e...) -->
                  <span class="method-name">userWillGetAnErrorMessageWhileCreatingAccountWithInvalidDetails</span>
                  <span class="parameters">($%1234, DD12**, abc$%12456, 123 Abc Str%%t, Lo$%^on, Florida, 123ssa45, 0123abcd67890, There are 6 errors)</span>
                </div> <!-- method-content -->
              </div> <!-- method -->
            </div> <!-- main-panel-content rounded-window-bottom -->
          </div> <!-- suite-Surefire_suite-class-passed -->
          <div class="suite-Surefire_suite-class-passed">
            <div class="main-panel-header rounded-window-top">
              <img src="passed.png"/>
              <span class="class-name">com.automationpractice.testsuite.DeletionTest</span>
            </div> <!-- main-panel-header rounded-window-top -->
            <div class="main-panel-content rounded-window-bottom">
              <div class="method">
                <div class="method-content">
                  <a name="userShouldAbleToDeleteAnItemFromBasket(Women, Summer Dresses, Your shopping cart is empty.)">
                  </a> <!-- userShouldAbleToDeleteAnItemFromBasket(Women, Summer Dresses, Your shopping cart is empty.) -->
                  <span class="method-name">userShouldAbleToDeleteAnItemFromBasket</span>
                  <span class="parameters">(Women, Summer Dresses, Your shopping cart is empty.)</span>
                </div> <!-- method-content -->
              </div> <!-- method -->
            </div> <!-- main-panel-content rounded-window-bottom -->
          </div> <!-- suite-Surefire_suite-class-passed -->
        </div> <!-- panel Surefire_suite -->
        <div panel-name="test-xml-Surefire_suite" class="panel">
          <div class="main-panel-header rounded-window-top">
          </div> <!-- main-panel-header rounded-window-top -->
          <div class="main-panel-content rounded-window-bottom">
            <pre>
&lt;?xml version=&quot;1.0&quot; encoding=&quot;UTF-8&quot;?&gt;
&lt;!DOCTYPE suite SYSTEM &quot;http://testng.org/testng-1.0.dtd&quot;&gt;
&lt;suite thread-count=&quot;1&quot; verbose=&quot;0&quot; name=&quot;Surefire suite&quot;&gt;
  &lt;test thread-count=&quot;1&quot; verbose=&quot;0&quot; name=&quot;Surefire test&quot;&gt;
    &lt;classes&gt;
      &lt;class name=&quot;com.automationpractice.testbase.TestBase&quot;/&gt;
      &lt;class name=&quot;com.automationpractice.testsuite.CreateAccountTest&quot;/&gt;
      &lt;class name=&quot;com.automationpractice.testsuite.DeletionTest&quot;/&gt;
      &lt;class name=&quot;com.automationpractice.testsuite.OurStoresTest&quot;/&gt;
      &lt;class name=&quot;com.automationpractice.testsuite.SummerDressesOptionTest&quot;/&gt;
      &lt;class name=&quot;com.automationpractice.testsuite.SummerDressesPriceRangeTest&quot;/&gt;
      &lt;class name=&quot;resources.testdata.TestData&quot;/&gt;
    &lt;/classes&gt;
  &lt;/test&gt; &lt;!-- Surefire test --&gt;
&lt;/suite&gt; &lt;!-- Surefire suite --&gt;
            </pre>
          </div> <!-- main-panel-content rounded-window-bottom -->
        </div> <!-- panel -->
        <div panel-name="testlist-Surefire_suite" class="panel">
          <div class="main-panel-header rounded-window-top">
            <span class="header-content">Tests for Surefire suite</span>
          </div> <!-- main-panel-header rounded-window-top -->
          <div class="main-panel-content rounded-window-bottom">
            <ul>
              <li>
                <span class="test-name">Surefire test (7 classes)</span>
              </li>
            </ul>
          </div> <!-- main-panel-content rounded-window-bottom -->
        </div> <!-- panel -->
        <div panel-name="group-Surefire_suite" class="panel">
          <div class="main-panel-header rounded-window-top">
            <span class="header-content">Groups for Surefire suite</span>
          </div> <!-- main-panel-header rounded-window-top -->
          <div class="main-panel-content rounded-window-bottom">
            <div class="test-group">
              <span class="test-group-name">regression</span>
              <br/>
              <div class="method-in-group">
                <span class="method-in-group-name">customerCanCreateANewAccountUsingValidDetails</span>
                <br/>
              </div> <!-- method-in-group -->
              <div class="method-in-group">
                <span class="method-in-group-name">updateSearchResultsAfterChangingPriceRange</span>
                <br/>
              </div> <!-- method-in-group -->
              <div class="method-in-group">
                <span class="method-in-group-name">userCanDragTheMapAndTakeScreenshot</span>
                <br/>
              </div> <!-- method-in-group -->
              <div class="method-in-group">
                <span class="method-in-group-name">userShouldAbleToDeleteAnItemFromBasket</span>
                <br/>
              </div> <!-- method-in-group -->
              <div class="method-in-group">
                <span class="method-in-group-name">userWillGetAnErrorMessageWhileCreatingAccountWithInvalidDetails</span>
                <br/>
              </div> <!-- method-in-group -->
              <div class="method-in-group">
                <span class="method-in-group-name">viewSummerDressesOptionFromTheNaviGationMenu</span>
                <br/>
              </div> <!-- method-in-group -->
            </div> <!-- test-group -->
            <div class="test-group">
              <span class="test-group-name">sanity</span>
              <br/>
              <div class="method-in-group">
                <span class="method-in-group-name">customerCanCreateANewAccountUsingValidDetails</span>
                <br/>
              </div> <!-- method-in-group -->
              <div class="method-in-group">
                <span class="method-in-group-name">userShouldAbleToDeleteAnItemFromBasket</span>
                <br/>
              </div> <!-- method-in-group -->
              <div class="method-in-group">
                <span class="method-in-group-name">viewSummerDressesOptionFromTheNaviGationMenu</span>
                <br/>
              </div> <!-- method-in-group -->
            </div> <!-- test-group -->
            <div class="test-group">
              <span class="test-group-name">smoke</span>
              <br/>
              <div class="method-in-group">
                <span class="method-in-group-name">updateSearchResultsAfterChangingPriceRange</span>
                <br/>
              </div> <!-- method-in-group -->
              <div class="method-in-group">
                <span class="method-in-group-name">userCanDragTheMapAndTakeScreenshot</span>
                <br/>
              </div> <!-- method-in-group -->
              <div class="method-in-group">
                <span class="method-in-group-name">userWillGetAnErrorMessageWhileCreatingAccountWithInvalidDetails</span>
                <br/>
              </div> <!-- method-in-group -->
            </div> <!-- test-group -->
          </div> <!-- main-panel-content rounded-window-bottom -->
        </div> <!-- panel -->
        <div panel-name="times-Surefire_suite" class="panel">
          <div class="main-panel-header rounded-window-top">
            <span class="header-content">Times for Surefire suite</span>
          </div> <!-- main-panel-header rounded-window-top -->
          <div class="main-panel-content rounded-window-bottom">
            <div class="times-div">
              <script type="text/javascript">
suiteTableInitFunctions.push('tableData_Surefire_suite');
function tableData_Surefire_suite() {
var data = new google.visualization.DataTable();
data.addColumn('number', 'Number');
data.addColumn('string', 'Method');
data.addColumn('string', 'Class');
data.addColumn('number', 'Time (ms)');
data.addRows(6);
data.setCell(0, 0, 0)
data.setCell(0, 1, 'userShouldAbleToDeleteAnItemFromBasket')
data.setCell(0, 2, 'com.automationpractice.testsuite.DeletionTest')
data.setCell(0, 3, 8441);
data.setCell(1, 0, 1)
data.setCell(1, 1, 'customerCanCreateANewAccountUsingValidDetails')
data.setCell(1, 2, 'com.automationpractice.testsuite.CreateAccountTest')
data.setCell(1, 3, 6768);
data.setCell(2, 0, 2)
data.setCell(2, 1, 'userWillGetAnErrorMessageWhileCreatingAccountWithInvalidDetails')
data.setCell(2, 2, 'com.automationpractice.testsuite.CreateAccountTest')
data.setCell(2, 3, 4679);
data.setCell(3, 0, 3)
data.setCell(3, 1, 'userCanDragTheMapAndTakeScreenshot')
data.setCell(3, 2, 'com.automationpractice.testsuite.OurStoresTest')
data.setCell(3, 3, 1802);
data.setCell(4, 0, 4)
data.setCell(4, 1, 'viewSummerDressesOptionFromTheNaviGationMenu')
data.setCell(4, 2, 'com.automationpractice.testsuite.SummerDressesOptionTest')
data.setCell(4, 3, 0);
data.setCell(5, 0, 5)
data.setCell(5, 1, 'updateSearchResultsAfterChangingPriceRange')
data.setCell(5, 2, 'com.automationpractice.testsuite.SummerDressesPriceRangeTest')
data.setCell(5, 3, 0);
window.suiteTableData['Surefire_suite']= { tableData: data, tableDiv: 'times-div-Surefire_suite'}
return data;
}
              </script>
              <span class="suite-total-time">Total running time: 21 seconds</span>
              <div id="times-div-Surefire_suite">
              </div> <!-- times-div-Surefire_suite -->
            </div> <!-- times-div -->
          </div> <!-- main-panel-content rounded-window-bottom -->
        </div> <!-- panel -->
        <div panel-name="reporter-Surefire_suite" class="panel">
          <div class="main-panel-header rounded-window-top">
            <span class="header-content">Reporter output for Surefire suite</span>
          </div> <!-- main-panel-header rounded-window-top -->
          <div class="main-panel-content rounded-window-bottom">
            <div class="reporter-method-div">
              <span class="reporter-method-name">userWillGetAnErrorMessageWhileCreatingAccountWithInvalidDetails($%1234, DD12**, abc$%12456, 123 Abc Str%%t, Lo$%^on, Florida, 123ssa45, 0123abcd67890, There are 6 e...)</span>
              <div class="reporter-method-output-div">
                <span class="reporter-method-output">Click on the create an account tab : [[ChromeDriver: chrome on WINDOWS (4215cf2b4b7efcb59344302cb94d0acc)] -> xpath: //span[normalize-space()='Create an account']]<br></span>
                <span class="reporter-method-output">Entering firstname[[ChromeDriver: chrome on WINDOWS (4215cf2b4b7efcb59344302cb94d0acc)] -> xpath: //input[@id='customer_firstname']]<br></span>
                <span class="reporter-method-output">Entering lastname[[ChromeDriver: chrome on WINDOWS (4215cf2b4b7efcb59344302cb94d0acc)] -> xpath: //input[@id='customer_lastname']]<br></span>
                <span class="reporter-method-output">Entering password[[ChromeDriver: chrome on WINDOWS (4215cf2b4b7efcb59344302cb94d0acc)] -> xpath: //input[@id='passwd']]<br></span>
                <span class="reporter-method-output">Entering address[[ChromeDriver: chrome on WINDOWS (4215cf2b4b7efcb59344302cb94d0acc)] -> xpath: //input[@id='address1']]<br></span>
                <span class="reporter-method-output">Entering city[[ChromeDriver: chrome on WINDOWS (4215cf2b4b7efcb59344302cb94d0acc)] -> xpath: //input[@id='city']]<br></span>
                <span class="reporter-method-output">Selecting the state[[ChromeDriver: chrome on WINDOWS (4215cf2b4b7efcb59344302cb94d0acc)] -> xpath: //select[@id='id_state']]<br></span>
                <span class="reporter-method-output">Entering postalcode[[ChromeDriver: chrome on WINDOWS (4215cf2b4b7efcb59344302cb94d0acc)] -> xpath: //input[@id='postcode']]<br></span>
                <span class="reporter-method-output">Entering contact number[[ChromeDriver: chrome on WINDOWS (4215cf2b4b7efcb59344302cb94d0acc)] -> xpath: //input[@id='phone_mobile']]<br></span>
                <span class="reporter-method-output">Clicking on register link[[ChromeDriver: chrome on WINDOWS (4215cf2b4b7efcb59344302cb94d0acc)] -> xpath: //button[@id='submitAccount']]<br></span>
                <span class="reporter-method-output">verifying error message : [[ChromeDriver: chrome on WINDOWS (4215cf2b4b7efcb59344302cb94d0acc)] -> css selector: div[class='alert alert-danger'] p]<br></span>
              </div> <!-- reporter-method-output-div -->
            </div> <!-- reporter-method-div -->
            <div class="reporter-method-div">
              <span class="reporter-method-name">userShouldAbleToDeleteAnItemFromBasket(Women, Summer Dresses, Your shopping cart is empty.)</span>
              <div class="reporter-method-output-div">
                <span class="reporter-method-output">closing shopping cart window : [[ChromeDriver: chrome on WINDOWS (3f7bdf883246d4eca0c9c7fea8833553)] -> xpath: //span[@title='Close window']]<br></span>
              </div> <!-- reporter-method-output-div -->
            </div> <!-- reporter-method-div -->
            <div class="reporter-method-div">
              <span class="reporter-method-name">customerCanCreateANewAccountUsingValidDetails(James, Bond, abc12456, 123 Abc Street, London, Florida, 12345, 01234567890, MY ACCOUNT, James Bond)</span>
              <div class="reporter-method-output-div">
                <span class="reporter-method-output">Click on the create an account tab : [[ChromeDriver: chrome on WINDOWS (8269d46fa3497b8d7ed067072a5e5d24)] -> xpath: //span[normalize-space()='Create an account']]<br></span>
                <span class="reporter-method-output">Entering firstname[[ChromeDriver: chrome on WINDOWS (8269d46fa3497b8d7ed067072a5e5d24)] -> xpath: //input[@id='customer_firstname']]<br></span>
                <span class="reporter-method-output">Entering lastname[[ChromeDriver: chrome on WINDOWS (8269d46fa3497b8d7ed067072a5e5d24)] -> xpath: //input[@id='customer_lastname']]<br></span>
                <span class="reporter-method-output">Entering password[[ChromeDriver: chrome on WINDOWS (8269d46fa3497b8d7ed067072a5e5d24)] -> xpath: //input[@id='passwd']]<br></span>
                <span class="reporter-method-output">Entering address[[ChromeDriver: chrome on WINDOWS (8269d46fa3497b8d7ed067072a5e5d24)] -> xpath: //input[@id='address1']]<br></span>
                <span class="reporter-method-output">Entering city[[ChromeDriver: chrome on WINDOWS (8269d46fa3497b8d7ed067072a5e5d24)] -> xpath: //input[@id='city']]<br></span>
                <span class="reporter-method-output">Selecting the state[[ChromeDriver: chrome on WINDOWS (8269d46fa3497b8d7ed067072a5e5d24)] -> xpath: //select[@id='id_state']]<br></span>
                <span class="reporter-method-output">Entering postalcode[[ChromeDriver: chrome on WINDOWS (8269d46fa3497b8d7ed067072a5e5d24)] -> xpath: //input[@id='postcode']]<br></span>
                <span class="reporter-method-output">Entering contact number[[ChromeDriver: chrome on WINDOWS (8269d46fa3497b8d7ed067072a5e5d24)] -> xpath: //input[@id='phone_mobile']]<br></span>
                <span class="reporter-method-output">Clicking on register link[[ChromeDriver: chrome on WINDOWS (8269d46fa3497b8d7ed067072a5e5d24)] -> xpath: //button[@id='submitAccount']]<br></span>
                <span class="reporter-method-output">Verifying the message[[ChromeDriver: chrome on WINDOWS (8269d46fa3497b8d7ed067072a5e5d24)] -> xpath: //h1[contains(text(),'My account')]]<br></span>
              </div> <!-- reporter-method-output-div -->
            </div> <!-- reporter-method-div -->
            <div class="reporter-method-div">
              <span class="reporter-method-name">userCanDragTheMapAndTakeScreenshot</span>
              <div class="reporter-method-output-div">
                <span class="reporter-method-output">accepting the alert : [[ChromeDriver: chrome on WINDOWS (087a2d2696722db4757dcb5e01d23fed)] -> css selector: .dismissButton]<br></span>
              </div> <!-- reporter-method-output-div -->
            </div> <!-- reporter-method-div -->
          </div> <!-- main-panel-content rounded-window-bottom -->
        </div> <!-- panel -->
        <div panel-name="ignored-methods-Surefire_suite" class="panel">
          <div class="main-panel-header rounded-window-top">
            <span class="header-content">0 ignored methods</span>
          </div> <!-- main-panel-header rounded-window-top -->
          <div class="main-panel-content rounded-window-bottom">
          </div> <!-- main-panel-content rounded-window-bottom -->
        </div> <!-- panel -->
        <div panel-name="chronological-Surefire_suite" class="panel">
          <div class="main-panel-header rounded-window-top">
            <span class="header-content">Methods in chronological order</span>
          </div> <!-- main-panel-header rounded-window-top -->
          <div class="main-panel-content rounded-window-bottom">
            <div class="chronological-class">
              <div class="chronological-class-name">com.automationpractice.testsuite.CreateAccountTest</div> <!-- chronological-class-name -->
              <div class="configuration-method before">
                <span class="method-name">setUp</span>
                <span class="method-start">0 ms</span>
              </div> <!-- configuration-method before -->
              <div class="configuration-method before">
                <span class="method-name">init</span>
                <span class="method-start">7772 ms</span>
              </div> <!-- configuration-method before -->
              <div class="test-method">
                <span class="method-name">customerCanCreateANewAccountUsingValidDetails(James, Bond, abc12456, 123 Abc Street, London, Florida, 12345, 01234567890, MY ACCOUNT, James Bond)</span>
                <span class="method-start">7804 ms</span>
              </div> <!-- test-method -->
              <div class="configuration-method after">
                <span class="method-name">tearDown</span>
                <span class="method-start">14572 ms</span>
              </div> <!-- configuration-method after -->
              <div class="configuration-method before">
                <span class="method-name">setUp</span>
                <span class="method-start">15232 ms</span>
              </div> <!-- configuration-method before -->
              <div class="configuration-method before">
                <span class="method-name">init</span>
                <span class="method-start">21072 ms</span>
              </div> <!-- configuration-method before -->
              <div class="test-method">
                <span class="method-name">userWillGetAnErrorMessageWhileCreatingAccountWithInvalidDetails($%1234, DD12**, abc$%12456, 123 Abc Str%%t, Lo$%^on, Florida, 123ssa45, 0123abcd67890, There are 6 e...)</span>
                <span class="method-start">21075 ms</span>
              </div> <!-- test-method -->
              <div class="configuration-method after">
                <span class="method-name">tearDown</span>
                <span class="method-start">25754 ms</span>
              </div> <!-- configuration-method after -->
            </div> <!-- chronological-class -->
            <div class="chronological-class">
              <div class="chronological-class-name">com.automationpractice.testsuite.DeletionTest</div> <!-- chronological-class-name -->
              <div class="configuration-method before">
                <span class="method-name">setUp</span>
                <span class="method-start">26400 ms</span>
              </div> <!-- configuration-method before -->
              <div class="configuration-method before">
                <span class="method-name">init</span>
                <span class="method-start">35298 ms</span>
              </div> <!-- configuration-method before -->
              <div class="test-method">
                <span class="method-name">userShouldAbleToDeleteAnItemFromBasket(Women, Summer Dresses, Your shopping cart is empty.)</span>
                <span class="method-start">35304 ms</span>
              </div> <!-- test-method -->
              <div class="configuration-method after">
                <span class="method-name">tearDown</span>
                <span class="method-start">43745 ms</span>
              </div> <!-- configuration-method after -->
            </div> <!-- chronological-class -->
            <div class="chronological-class">
              <div class="chronological-class-name">com.automationpractice.testsuite.OurStoresTest</div> <!-- chronological-class-name -->
              <div class="configuration-method before">
                <span class="method-name">setUp</span>
                <span class="method-start">44404 ms</span>
              </div> <!-- configuration-method before -->
              <div class="configuration-method before">
                <span class="method-name">init</span>
                <span class="method-start">49955 ms</span>
              </div> <!-- configuration-method before -->
              <div class="test-method">
                <img src="failed.png">
                </img>
                <span class="method-name">userCanDragTheMapAndTakeScreenshot</span>
                <span class="method-start">49958 ms</span>
              </div> <!-- test-method -->
              <div class="configuration-method after">
                <span class="method-name">tearDown</span>
                <span class="method-start">51766 ms</span>
              </div> <!-- configuration-method after -->
            </div> <!-- chronological-class -->
            <div class="chronological-class">
              <div class="chronological-class-name">com.automationpractice.testsuite.SummerDressesOptionTest</div> <!-- chronological-class-name -->
              <div class="configuration-method before">
                <span class="method-name">init1</span>
                <span class="method-start">52427 ms</span>
              </div> <!-- configuration-method before -->
              <div class="test-method">
                <img src="failed.png">
                </img>
                <span class="method-name">viewSummerDressesOptionFromTheNaviGationMenu</span>
                <span class="method-start">52427 ms</span>
              </div> <!-- test-method -->
            </div> <!-- chronological-class -->
            <div class="chronological-class">
              <div class="chronological-class-name">com.automationpractice.testsuite.SummerDressesPriceRangeTest</div> <!-- chronological-class-name -->
              <div class="configuration-method before">
                <span class="method-name">init1</span>
                <span class="method-start">52427 ms</span>
              </div> <!-- configuration-method before -->
              <div class="test-method">
                <img src="failed.png">
                </img>
                <span class="method-name">updateSearchResultsAfterChangingPriceRange</span>
                <span class="method-start">52427 ms</span>
              </div> <!-- test-method -->
          </div> <!-- main-panel-content rounded-window-bottom -->
        </div> <!-- panel -->
      </div> <!-- main-panel-root -->
    </div> <!-- wrapper -->
  </body>
</html>
